<?xml version="1.0" encoding="UTF-8"?>
<testng-results ignored="0" total="1" passed="1" failed="0" skipped="0">
  <reporter-output>
  </reporter-output>
  <suite started-at="2023-07-18T21:01:09 EDT" name="Surefire suite" finished-at="2023-07-18T21:01:09 EDT" duration-ms="30">
    <groups>
    </groups>
    <test started-at="2023-07-18T21:01:09 EDT" name="Surefire test" finished-at="2023-07-18T21:01:09 EDT" duration-ms="30">
      <class name="com.selenium.practice.AppTest">
        <test-method signature="shouldAnswerWithTrue()" started-at="2023-07-18T21:01:09 EDT" name="shouldAnswerWithTrue" finished-at="2023-07-18T21:01:09 EDT" duration-ms="5" status="PASS">
          <reporter-output>
          </reporter-output>
        </test-method> <!-- shouldAnswerWithTrue -->
      </class> <!-- com.selenium.practice.AppTest -->
    </test> <!-- Surefire test -->
  </suite> <!-- Surefire suite -->
</testng-results>
